<?xml version="1.0" encoding="UTF-8"?>
<testng-results ignored="0" total="1" passed="1" failed="0" skipped="0">
  <reporter-output>
  </reporter-output>
  <suite started-at="2023-02-10T15:33:36 IST" name="Default suite" finished-at="2023-02-10T15:33:40 IST" duration-ms="4105">
    <groups>
    </groups>
    <test started-at="2023-02-10T15:33:36 IST" name="Default test" finished-at="2023-02-10T15:33:40 IST" duration-ms="4105">
      <class name="TestCases.Flipkart">
        <test-method signature="Execution()[pri:0, instance:TestCases.Flipkart@3d5c822d]" started-at="2023-02-10T15:33:36 IST" name="Execution" finished-at="2023-02-10T15:33:40 IST" duration-ms="4057" status="PASS">
          <reporter-output>
          </reporter-output>
        </test-method> <!-- Execution -->
      </class> <!-- TestCases.Flipkart -->
    </test> <!-- Default test -->
  </suite> <!-- Default suite -->
</testng-results>
